<?xml version="1.0" encoding="UTF-8"?>
<testsuite name="com.amazon.stock.StockTest" tests="9" skipped="0" failures="0" errors="0" timestamp="2022-03-29T04:36:40" hostname="DESKTOP-5B2P3R4" time="0.01">
  <properties/>
  <testcase name="hashCode_differentId_differentHashCode()" classname="com.amazon.stock.StockTest" time="0.002"/>
  <testcase name="hashCode_sameIdDifferentName_sameHashCode()" classname="com.amazon.stock.StockTest" time="0.0"/>
  <testcase name="equals_differentClass_returnsFalse()" classname="com.amazon.stock.StockTest" time="0.001"/>
  <testcase name="equals_differentNames_returnsTrue()" classname="com.amazon.stock.StockTest" time="0.0"/>
  <testcase name="hashCode_sameIdAndName_sameHashCode()" classname="com.amazon.stock.StockTest" time="0.001"/>
  <testcase name="equals_differentIds_returnsFalse()" classname="com.amazon.stock.StockTest" time="0.001"/>
  <testcase name="equals_sameObject_returnsTrue()" classname="com.amazon.stock.StockTest" time="0.0"/>
  <testcase name="equals_sameIdAndName_returnsTrue()" classname="com.amazon.stock.StockTest" time="0.001"/>
  <testcase name="equals_nullObject_returnsFalse()" classname="com.amazon.stock.StockTest" time="0.001"/>
  <system-out><![CDATA[]]></system-out>
  <system-err><![CDATA[]]></system-err>
</testsuite>
